{"D:\\Make It Real\\bootcamp-challenges\\api-products\\api\\controllers\\product.controller.js": {"path":"D:\\Make It Real\\bootcamp-challenges\\api-products\\api\\controllers\\product.controller.js","statementMap":{"0":{"start":{"line":4,"column":30},"end":{"line":12,"column":1}},"1":{"start":{"line":5,"column":2},"end":{"line":11,"column":3}},"2":{"start":{"line":6,"column":21},"end":{"line":6,"column":41}},"3":{"start":{"line":7,"column":4},"end":{"line":8,"column":45}},"4":{"start":{"line":7,"column":31},"end":{"line":7,"column":59}},"5":{"start":{"line":8,"column":9},"end":{"line":8,"column":45}},"6":{"start":{"line":10,"column":4},"end":{"line":10,"column":44}},"7":{"start":{"line":14,"column":29},"end":{"line":18,"column":1}},"8":{"start":{"line":15,"column":28},"end":{"line":15,"column":38}},"9":{"start":{"line":16,"column":18},"end":{"line":16,"column":51}},"10":{"start":{"line":17,"column":2},"end":{"line":17,"column":20}},"11":{"start":{"line":20,"column":29},"end":{"line":28,"column":1}},"12":{"start":{"line":21,"column":2},"end":{"line":27,"column":3}},"13":{"start":{"line":22,"column":20},"end":{"line":22,"column":41}},"14":{"start":{"line":23,"column":23},"end":{"line":23,"column":43}},"15":{"start":{"line":24,"column":4},"end":{"line":24,"column":51}},"16":{"start":{"line":26,"column":4},"end":{"line":26,"column":44}},"17":{"start":{"line":30,"column":27},"end":{"line":43,"column":1}},"18":{"start":{"line":31,"column":28},"end":{"line":31,"column":38}},"19":{"start":{"line":32,"column":2},"end":{"line":42,"column":3}},"20":{"start":{"line":33,"column":20},"end":{"line":33,"column":53}},"21":{"start":{"line":34,"column":4},"end":{"line":39,"column":5}},"22":{"start":{"line":35,"column":6},"end":{"line":35,"column":29}},"23":{"start":{"line":36,"column":6},"end":{"line":36,"column":13}},"24":{"start":{"line":38,"column":6},"end":{"line":38,"column":52}},"25":{"start":{"line":41,"column":4},"end":{"line":41,"column":39}},"26":{"start":{"line":45,"column":29},"end":{"line":57,"column":1}},"27":{"start":{"line":46,"column":26},"end":{"line":46,"column":34}},"28":{"start":{"line":47,"column":22},"end":{"line":47,"column":30}},"29":{"start":{"line":48,"column":2},"end":{"line":56,"column":3}},"30":{"start":{"line":49,"column":4},"end":{"line":53,"column":7}},"31":{"start":{"line":50,"column":6},"end":{"line":52,"column":41}},"32":{"start":{"line":51,"column":8},"end":{"line":51,"column":45}},"33":{"start":{"line":52,"column":13},"end":{"line":52,"column":41}},"34":{"start":{"line":55,"column":4},"end":{"line":55,"column":32}},"35":{"start":{"line":74,"column":29},"end":{"line":88,"column":1}},"36":{"start":{"line":75,"column":28},"end":{"line":75,"column":38}},"37":{"start":{"line":76,"column":2},"end":{"line":87,"column":3}},"38":{"start":{"line":77,"column":28},"end":{"line":77,"column":61}},"39":{"start":{"line":78,"column":4},"end":{"line":84,"column":5}},"40":{"start":{"line":79,"column":6},"end":{"line":79,"column":62}},"41":{"start":{"line":81,"column":29},"end":{"line":81,"column":69}},"42":{"start":{"line":82,"column":6},"end":{"line":82,"column":56}},"43":{"start":{"line":83,"column":6},"end":{"line":83,"column":63}},"44":{"start":{"line":83,"column":26},"end":{"line":83,"column":63}},"45":{"start":{"line":86,"column":4},"end":{"line":86,"column":36}}},"fnMap":{"0":{"name":"(anonymous_0)","decl":{"start":{"line":4,"column":30},"end":{"line":4,"column":31}},"loc":{"start":{"line":4,"column":59},"end":{"line":12,"column":1}},"line":4},"1":{"name":"(anonymous_1)","decl":{"start":{"line":14,"column":29},"end":{"line":14,"column":30}},"loc":{"start":{"line":14,"column":49},"end":{"line":18,"column":1}},"line":14},"2":{"name":"(anonymous_2)","decl":{"start":{"line":20,"column":29},"end":{"line":20,"column":30}},"loc":{"start":{"line":20,"column":49},"end":{"line":28,"column":1}},"line":20},"3":{"name":"(anonymous_3)","decl":{"start":{"line":30,"column":27},"end":{"line":30,"column":28}},"loc":{"start":{"line":30,"column":53},"end":{"line":43,"column":1}},"line":30},"4":{"name":"(anonymous_4)","decl":{"start":{"line":45,"column":29},"end":{"line":45,"column":30}},"loc":{"start":{"line":45,"column":49},"end":{"line":57,"column":1}},"line":45},"5":{"name":"(anonymous_5)","decl":{"start":{"line":49,"column":48},"end":{"line":49,"column":49}},"loc":{"start":{"line":49,"column":75},"end":{"line":53,"column":5}},"line":49},"6":{"name":"(anonymous_6)","decl":{"start":{"line":74,"column":29},"end":{"line":74,"column":30}},"loc":{"start":{"line":74,"column":49},"end":{"line":88,"column":1}},"line":74}},"branchMap":{"0":{"loc":{"start":{"line":7,"column":4},"end":{"line":8,"column":45}},"type":"if","locations":[{"start":{"line":7,"column":4},"end":{"line":8,"column":45}},{"start":{"line":8,"column":9},"end":{"line":8,"column":45}}],"line":7},"1":{"loc":{"start":{"line":24,"column":4},"end":{"line":24,"column":50}},"type":"binary-expr","locations":[{"start":{"line":24,"column":4},"end":{"line":24,"column":14}},{"start":{"line":24,"column":18},"end":{"line":24,"column":50}}],"line":24},"2":{"loc":{"start":{"line":34,"column":4},"end":{"line":39,"column":5}},"type":"if","locations":[{"start":{"line":34,"column":4},"end":{"line":39,"column":5}},{"start":{"line":37,"column":11},"end":{"line":39,"column":5}}],"line":34},"3":{"loc":{"start":{"line":50,"column":6},"end":{"line":52,"column":41}},"type":"if","locations":[{"start":{"line":50,"column":6},"end":{"line":52,"column":41}},{"start":{"line":52,"column":13},"end":{"line":52,"column":41}}],"line":50},"4":{"loc":{"start":{"line":78,"column":4},"end":{"line":84,"column":5}},"type":"if","locations":[{"start":{"line":78,"column":4},"end":{"line":84,"column":5}},{"start":{"line":80,"column":9},"end":{"line":84,"column":5}}],"line":78},"5":{"loc":{"start":{"line":83,"column":6},"end":{"line":83,"column":63}},"type":"if","locations":[{"start":{"line":83,"column":6},"end":{"line":83,"column":63}},{"start":{},"end":{}}],"line":83}},"s":{"0":1,"1":1,"2":1,"3":1,"4":0,"5":1,"6":0,"7":1,"8":1,"9":1,"10":1,"11":1,"12":0,"13":0,"14":0,"15":0,"16":0,"17":1,"18":0,"19":0,"20":0,"21":0,"22":0,"23":0,"24":0,"25":0,"26":1,"27":0,"28":0,"29":0,"30":0,"31":0,"32":0,"33":0,"34":0,"35":1,"36":0,"37":0,"38":0,"39":0,"40":0,"41":0,"42":0,"43":0,"44":0,"45":0},"f":{"0":1,"1":1,"2":0,"3":0,"4":0,"5":0,"6":0},"b":{"0":[0,1],"1":[0,0],"2":[0,0],"3":[0,0],"4":[0,0],"5":[0,0]},"_coverageSchema":"1a1c01bbd47fc00a2c39e90264f33305004495a9","hash":"8f3cc8dcdef072eac7ce4adda21729b4088ca312"}
,"D:\\Make It Real\\bootcamp-challenges\\api-products\\api\\models\\index.js": {"path":"D:\\Make It Real\\bootcamp-challenges\\api-products\\api\\models\\index.js","statementMap":{},"fnMap":{},"branchMap":{},"s":{},"f":{},"b":{},"_coverageSchema":"1a1c01bbd47fc00a2c39e90264f33305004495a9","hash":"ece55272e058f243b9a7ea10e1a0ff7c6f450503"}
,"D:\\Make It Real\\bootcamp-challenges\\api-products\\api\\models\\products.model.js": {"path":"D:\\Make It Real\\bootcamp-challenges\\api-products\\api\\models\\products.model.js","statementMap":{"0":{"start":{"line":4,"column":23},"end":{"line":14,"column":1}},"1":{"start":{"line":17,"column":16},"end":{"line":17,"column":68}}},"fnMap":{},"branchMap":{},"s":{"0":2,"1":2},"f":{},"b":{},"_coverageSchema":"1a1c01bbd47fc00a2c39e90264f33305004495a9","hash":"408b4e9774a626df3329f4ca6489c5d6debcd4ac"}
,"D:\\Make It Real\\bootcamp-challenges\\api-products\\api\\models\\user.model.js": {"path":"D:\\Make It Real\\bootcamp-challenges\\api-products\\api\\models\\user.model.js","statementMap":{"0":{"start":{"line":3,"column":19},"end":{"line":12,"column":1}},"1":{"start":{"line":14,"column":13},"end":{"line":14,"column":56}}},"fnMap":{},"branchMap":{},"s":{"0":1,"1":1},"f":{},"b":{},"_coverageSchema":"1a1c01bbd47fc00a2c39e90264f33305004495a9","hash":"0f256740a0ebd69eb6c0555b73ab705544ee8236"}
}
