<?xml version="1.0" encoding="UTF-8"?>
<coverage generated="1641237726922" clover="3.2.0">
  <project timestamp="1641237726922" name="All files">
    <metrics statements="6" coveredstatements="6" conditionals="0" coveredconditionals="0" methods="8" coveredmethods="8" elements="14" coveredelements="14" complexity="0" loc="6" ncloc="6" packages="1" files="1" classes="1"/>
    <file name="transformaciones.js" path="D:\Make It Real\bootcamp-challenges\nodejs-cli\src\utils\transformaciones.js">
      <metrics statements="6" coveredstatements="6" conditionals="0" coveredconditionals="0" methods="8" coveredmethods="8"/>
      <line num="1" count="2" type="stmt"/>
      <line num="3" count="2" type="stmt"/>
      <line num="5" count="1" type="stmt"/>
      <line num="7" count="3" type="stmt"/>
      <line num="9" count="2" type="stmt"/>
      <line num="11" count="1" type="stmt"/>
    </file>
  </project>
</coverage>
