{"D:\\Make It Real\\bootcamp-challenges\\nodejs-cli\\src\\utils\\transformaciones.js": {"path":"D:\\Make It Real\\bootcamp-challenges\\nodejs-cli\\src\\utils\\transformaciones.js","statementMap":{"0":{"start":{"line":1,"column":17},"end":{"line":1,"column":57}},"1":{"start":{"line":1,"column":26},"end":{"line":1,"column":57}},"2":{"start":{"line":1,"column":46},"end":{"line":1,"column":56}},"3":{"start":{"line":3,"column":14},"end":{"line":3,"column":39}},"4":{"start":{"line":3,"column":23},"end":{"line":3,"column":39}},"5":{"start":{"line":5,"column":14},"end":{"line":5,"column":39}},"6":{"start":{"line":5,"column":23},"end":{"line":5,"column":39}},"7":{"start":{"line":7,"column":14},"end":{"line":7,"column":53}},"8":{"start":{"line":7,"column":23},"end":{"line":7,"column":53}},"9":{"start":{"line":7,"column":44},"end":{"line":7,"column":49}},"10":{"start":{"line":9,"column":14},"end":{"line":9,"column":63}},"11":{"start":{"line":9,"column":23},"end":{"line":9,"column":63}},"12":{"start":{"line":9,"column":46},"end":{"line":9,"column":62}},"13":{"start":{"line":11,"column":0},"end":{"line":17,"column":1}}},"fnMap":{"0":{"name":"(anonymous_0)","decl":{"start":{"line":1,"column":17},"end":{"line":1,"column":18}},"loc":{"start":{"line":1,"column":26},"end":{"line":1,"column":57}},"line":1},"1":{"name":"(anonymous_1)","decl":{"start":{"line":1,"column":34},"end":{"line":1,"column":35}},"loc":{"start":{"line":1,"column":46},"end":{"line":1,"column":56}},"line":1},"2":{"name":"(anonymous_2)","decl":{"start":{"line":3,"column":14},"end":{"line":3,"column":15}},"loc":{"start":{"line":3,"column":23},"end":{"line":3,"column":39}},"line":3},"3":{"name":"(anonymous_3)","decl":{"start":{"line":5,"column":14},"end":{"line":5,"column":15}},"loc":{"start":{"line":5,"column":23},"end":{"line":5,"column":39}},"line":5},"4":{"name":"(anonymous_4)","decl":{"start":{"line":7,"column":14},"end":{"line":7,"column":15}},"loc":{"start":{"line":7,"column":23},"end":{"line":7,"column":53}},"line":7},"5":{"name":"(anonymous_5)","decl":{"start":{"line":7,"column":34},"end":{"line":7,"column":35}},"loc":{"start":{"line":7,"column":44},"end":{"line":7,"column":49}},"line":7},"6":{"name":"(anonymous_6)","decl":{"start":{"line":9,"column":14},"end":{"line":9,"column":15}},"loc":{"start":{"line":9,"column":23},"end":{"line":9,"column":63}},"line":9},"7":{"name":"(anonymous_7)","decl":{"start":{"line":9,"column":34},"end":{"line":9,"column":35}},"loc":{"start":{"line":9,"column":46},"end":{"line":9,"column":62}},"line":9}},"branchMap":{},"s":{"0":1,"1":1,"2":2,"3":1,"4":2,"5":1,"6":1,"7":1,"8":1,"9":3,"10":1,"11":1,"12":2,"13":1},"f":{"0":1,"1":2,"2":2,"3":1,"4":1,"5":3,"6":1,"7":2},"b":{},"_coverageSchema":"1a1c01bbd47fc00a2c39e90264f33305004495a9","hash":"f3ea6b3c03e0065cd0f6a0aed8c8b36d6363137e"}
}
